Below is a list of files we were unable to include in this backup. These files
are not missing, but were not available in our file-store cloud at the time the
tarball was made or are not backed up because they can be generated. In almost
all cases these will be resolved the next time you generate a backup or export.

/styles/panopoly_image_quarter/public/collection_categories/6. Pre-Columbian Leader Image.JPG: Generated files are not backed up
/styles/panopoly_image_full/public/general/600x150.png: Generated files are not backed up
/styles/panopoly_image_thumbnail/public/general/600x150.png: Generated files are not backed up
/styles/panopoly_image_half/public/collection_categories/4. Photography Leader Image.JPG: Generated files are not backed up
/styles/300x200/public/collection_categories/3. Prints & Drawings Leader Image.jpg: Generated files are not backed up
/styles/panopoly_image_thumbnail/public/collection_categories/4. Photography Leader Image.JPG: Generated files are not backed up
/styles/panopoly_image_thumbnail/public/general/Hanson_TheIncident_web.png: Generated files are not backed up
/styles/panopoly_image_full/public/general/ArtMatters_0.png: Generated files are not backed up
/styles/150_collection_item/public/collection_item/Screen Shot 2014-07-02 at 4.46.27 PM.png: Generated files are not backed up
/styles/panopoly_image_thumbnail/public/general/ArtMatters.png: Generated files are not backed up
/styles/panopoly_image_thumbnail/public/vegetables-are-great_4.jpg: Generated files are not backed up
/styles/panopoly_image_spotlight/public/collection_categories/1. American & European Leader Image.JPG: Generated files are not backed up
/styles/500_wide/public/general/PlannedGiving_0.png: Generated files are not backed up
/css_injector/css_injector_3.css: Generated files are not backed up
/styles/medium/public/modules/image/sample.png: Generated files are not backed up
/styles/panopoly_image_quarter/public/collection_categories/1. American & European Leader Image.JPG: Generated files are not backed up
/styles/500_wide/public/exhibitions/2007.5.43_Abbott_Christopher_Street_Shop.jpg: Generated files are not backed up
/styles/500_wide/public/exhibitions/matta1_sized.png: Generated files are not backed up
/styles/200_wide/public/exhibitions/191_1918_Figure Skaters at the New York Hippodrome_med.jpg: Generated files are not backed up
/styles/panopoly_image_spotlight/public/collection_categories/2. Modern & Contemporary Leader Image.JPG: Generated files are not backed up
/styles/panopoly_image_thumbnail/public/general/Donate.png: Generated files are not backed up
/styles/panopoly_image_quarter/public/exhibitions/warrug_map2.png: Generated files are not backed up
/css_injector/css_injector_7.css: Generated files are not backed up
/styles/panopoly_image_thumbnail/public/events/screen_shot_2014-08-13_at_6.09.34_pm.png: Generated files are not backed up
/styles/150_collection_item/public/modules/image/sample.png: Generated files are not backed up
/styles/featured_image_add_text/public/general/talkstours.png: Generated files are not backed up
/styles/panopoly_image_thumbnail/public/exhibitions/permgalleries.png: Generated files are not backed up
/styles/featured_image_add_text/public/general/MemberPlus.png: Generated files are not backed up
/styles/300x200/public/exhibitions/warrug_map2.png: Generated files are not backed up
/styles/panopoly_image_spotlight/public/general/warrug_map2.png: Generated files are not backed up
/styles/panopoly_image_full/public/pages/museumrental1.jpg: Generated files are not backed up
/styles/panopoly_image_full/public/collection_categories/3. Prints & Drawings Leader Image.jpg: Generated files are not backed up
/styles/200_wide/public/exhibitions/warrug_map2.png: Generated files are not backed up
/styles/panopoly_image_thumbnail/public/media-youtube/I9osuleJf98.jpg: Generated files are not backed up
/styles/panopoly_image_quarter/public/collection_categories/2. Modern & Contemporary Leader Image.JPG: Generated files are not backed up
/styles/panopoly_image_spotlight/public/collection_categories/7. African Leader Image.JPG: Generated files are not backed up
/styles/300x200/public/collection_categories/4. Photography Leader Image.JPG: Generated files are not backed up
/styles/500_wide/public/modules/image/sample.png: Generated files are not backed up
/styles/panopoly_image_thumbnail/public/bell-peppers-et-al_0.jpg: Generated files are not backed up
/styles/panopoly_image_quarter/public/collection_categories/3. Prints & Drawings Leader Image.jpg: Generated files are not backed up
/styles/panopoly_image_thumbnail/public/pages/museumrental1.jpg: Generated files are not backed up
/styles/panopoly_image_spotlight/public/news_articles/colliseum1.jpg: Generated files are not backed up
/styles/500_wide/public/exhibitions/Hanson_TheIncident_web.png: Generated files are not backed up
/styles/500_wide/public/general/ArtMatters_1.png: Generated files are not backed up
/styles/panopoly_image_thumbnail/public/lovely-vegetables_4.jpg: Generated files are not backed up
/styles/thumbnail/public/modules/image/sample.png: Generated files are not backed up
/styles/panopoly_image_thumbnail/public/collection_categories/1. American & European Leader Image.JPG: Generated files are not backed up
/styles/500_wide/public/exhibitions/191_1918_Figure Skaters at the New York Hippodrome_med.jpg: Generated files are not backed up
/styles/panopoly_image_full/public/collection_categories/7. African Leader Image.JPG: Generated files are not backed up
/styles/panopoly_image_quarter/public/news_articles/colliseum1.jpg: Generated files are not backed up
/styles/panopoly_image_thumbnail/public/general/artistsguildbanner.png: Generated files are not backed up
/styles/500_wide/public/exhibitions/Tron headshot_sml.jpg: Generated files are not backed up
/styles/300x200/public/exhibitions/matta1_sized.png: Generated files are not backed up
/styles/thumbnail/public/events/littleton_ruby_orange_arc.jpg: Generated files are not backed up
/styles/300x200/public/collection_categories/2. Modern & Contemporary Leader Image.JPG: Generated files are not backed up
/styles/panopoly_image_spotlight/public/collection_categories/6. Pre-Columbian Leader Image.JPG: Generated files are not backed up
/styles/thumbnail/public/events/screen_shot_2014-08-13_at_6.09.34_pm.png: Generated files are not backed up
/styles/panopoly_image_thumbnail/public/general/MemberServices_0.png: Generated files are not backed up
/styles/panopoly_image_thumbnail/public/exhibitions/warrug_map2.png: Generated files are not backed up
/styles/medium/public/events/waltkuhnyoungwoman.png: Generated files are not backed up
/styles/panopoly_image_quarter/public/exhibitions/permgalleries.png: Generated files are not backed up
/styles/thumbnail/public/events/waltkuhnyoungwoman.png: Generated files are not backed up
/styles/medium/public/events/littleton_ruby_orange_arc.jpg: Generated files are not backed up
/styles/500_wide/public/exhibitions/reichek.png: Generated files are not backed up
/styles/collection_item_content_view_300/public/collection_item/Screen Shot 2014-07-02 at 4.46.27 PM.png: Generated files are not backed up
/styles/500_wide/public/general/MemberPlus.png: Generated files are not backed up
/styles/300x200/public/collection_categories/7. African Leader Image.JPG: Generated files are not backed up
/styles/150_collection_item/public/location/ArtistGuildLocation.png: Generated files are not backed up
/styles/panopoly_image_quarter/public/collection_categories/4. Photography Leader Image.JPG: Generated files are not backed up
/styles/150_collection_item/public/location/BMALocation.png: Generated files are not backed up
/css_injector/css_injector_4.css: Generated files are not backed up
/styles/panopoly_image_thumbnail/public/events/littleton_ruby_orange_arc.jpg: Generated files are not backed up
/styles/panopoly_image_full/public/general/MemberServices_0.png: Generated files are not backed up
/styles/panopoly_image_featured/public/news_articles/colliseum1.jpg: Generated files are not backed up
/styles/panopoly_image_full/public/collection_categories/6. Pre-Columbian Leader Image.JPG: Generated files are not backed up
/styles/panopoly_image_thumbnail/public/exhibitions/Tron headshot_sml.jpg: Generated files are not backed up
/styles/panopoly_image_original/public/openhouse3.jpg: Generated files are not backed up
/styles/panopoly_image_full/public/collection_categories/4. Photography Leader Image.JPG: Generated files are not backed up
/styles/200_wide/public/exhibitions/permgalleries.png: Generated files are not backed up
/styles/featured_image_add_text/public/general/PlannedGiving_0.png: Generated files are not backed up
/css_injector/css_injector_1.css: Generated files are not backed up
/styles/panopoly_image_quarter/public/collection_categories/7. African Leader Image.JPG: Generated files are not backed up
/styles/panopoly_image_thumbnail/public/exhibitions/tracey-sm.jpg: Generated files are not backed up
/styles/collection_item_content_view_300/public/exhibitions/Hanson_TheIncident_web.png: Generated files are not backed up
/styles/panopoly_image_half/public/collection_categories/6. Pre-Columbian Leader Image.JPG: Generated files are not backed up
/styles/panopoly_image_thumbnail/public/location/ArtSchoolLocation.png: Generated files are not backed up
/styles/500_wide/public/exhibitions/warrug_map2.png: Generated files are not backed up
/styles/collection_item_content_view_300/public/exhibitions/2007.5.43_Abbott_Christopher_Street_Shop.jpg: Generated files are not backed up
/styles/panopoly_image_quarter/public/exhibitions/tracey-sm.jpg: Generated files are not backed up
/styles/large/public/programs/latenight_dotstop.png: Generated files are not backed up
/styles/panopoly_image_thumbnail/public/programs/contemplatecreate_box.jpg: Generated files are not backed up
/styles/panopoly_image_full/public/general/artistsguildbanner.png: Generated files are not backed up
/css_injector/css_injector_2.css: Generated files are not backed up
/styles/panopoly_image_thumbnail/public/general/mercury-express-logistics-postal-delivery_1.jpg: Generated files are not backed up
/styles/panopoly_image_thumbnail/public/events/screen_shot_2014-08-14_at_7.46.23_pm.png: Generated files are not backed up
/styles/panopoly_image_full/public/general/Hanson_TheIncident_web.png: Generated files are not backed up
/styles/panopoly_image_thumbnail/public/collection_categories/3. Prints & Drawings Leader Image.jpg: Generated files are not backed up
/styles/featured_image_add_text/public/general/membership.png: Generated files are not backed up
/styles/featured_image_add_text/public/general/Donate_0.png: Generated files are not backed up
/styles/panopoly_image_half/public/pages/museumrental1.jpg: Generated files are not backed up
/styles/panopoly_image_full/public/general/holder.png: Generated files are not backed up
/styles/medium/public/programs/latenight_dotstop.png: Generated files are not backed up
/styles/event_thumb/public/modules/image/sample.png: Generated files are not backed up
/styles/panopoly_image_thumbnail/public/general/ArtMatters_1.png: Generated files are not backed up
/styles/500_wide/public/exhibitions/permgalleries.png: Generated files are not backed up
/styles/panopoly_image_thumbnail/public/mobilelogo.png: Generated files are not backed up
/styles/panopoly_image_quarter/public/modules/image/sample.png: Generated files are not backed up
/styles/200_wide/public/exhibitions/BocaArtistsGuild_greytext_redB_Horiz_BOLD2.png: Generated files are not backed up
/styles/500_wide/public/general/MemberServices.png: Generated files are not backed up
/styles/collection_item_content_view_300/public/exhibitions/tracey-sm.jpg: Generated files are not backed up
/styles/panopoly_image_original/public/mobilelogo.png: Generated files are not backed up
/styles/collection_item_content_view_300/public/exhibitions/191_1918_Figure Skaters at the New York Hippodrome_med.jpg: Generated files are not backed up
/styles/200_wide/public/modules/image/sample.png: Generated files are not backed up
/styles/200_wide/public/exhibitions/matta1_sized.png: Generated files are not backed up
/styles/collection_item_content_view_300/public/exhibitions/permgalleries.png: Generated files are not backed up
/styles/thumbnail/public/events/screen_shot_2014-08-14_at_7.46.34_pm.png: Generated files are not backed up
/styles/panopoly_image_quarter/public/exhibitions/191_1918_Figure Skaters at the New York Hippodrome_med.jpg: Generated files are not backed up
/styles/panopoly_image_spotlight/public/modules/image/sample.png: Generated files are not backed up
/styles/event_thumb/public/events/screen_shot_2014-08-13_at_6.09.34_pm.png: Generated files are not backed up
/css_injector/css_injector_6.css: Generated files are not backed up
/styles/large/public/programs/artfuladvweb.jpg: Generated files are not backed up
/styles/panopoly_image_thumbnail/public/exhibitions/reichek.png: Generated files are not backed up
/styles/panopoly_image_half/public/collection_categories/3. Prints & Drawings Leader Image.jpg: Generated files are not backed up
/styles/panopoly_image_thumbnail/public/collection_categories/7. African Leader Image.JPG: Generated files are not backed up
/styles/panopoly_image_thumbnail/public/fresh-veggies_6.jpg: Generated files are not backed up
/styles/panopoly_image_thumbnail/public/general/PlannedGiving.png: Generated files are not backed up
/styles/panopoly_image_thumbnail/public/fresh-veggies_4.jpg: Generated files are not backed up
/styles/300x200/public/collection_categories/1. American & European Leader Image.JPG: Generated files are not backed up
/styles/500_wide/public/exhibitions/BocaArtistsGuild_greytext_redB_Horiz_BOLD2.png: Generated files are not backed up
/styles/featured_image_add_text/public/general/MemberServices.png: Generated files are not backed up
/styles/event_thumb/public/events/waltkuhnyoungwoman.png: Generated files are not backed up
/styles/panopoly_image_thumbnail/public/fresh-veggies_2.jpg: Generated files are not backed up
/styles/panopoly_image_thumbnail/public/vegetables-are-great_0.jpg: Generated files are not backed up
/styles/panopoly_image_featured/public/collection_item/Screen Shot 2014-07-02 at 4.46.27 PM.png: Generated files are not backed up
/styles/panopoly_image_thumbnail/public/programs/artfuladvweb.jpg: Generated files are not backed up
/styles/featured_image_add_text/public/general/holder.png: Generated files are not backed up
/styles/panopoly_image_thumbnail/public/exhibitions/Hanson_TheIncident_web.png: Generated files are not backed up
/styles/panopoly_image_thumbnail/public/collection_item/Screen Shot 2014-07-02 at 4.46.27 PM.png: Generated files are not backed up
/styles/panopoly_image_quarter/public/exhibitions/reichek.png: Generated files are not backed up
/styles/panopoly_image_half/public/collection_categories/5. Sculpture Garden Leader Image.jpg: Generated files are not backed up
/styles/panopoly_image_thumbnail/public/collection_categories/6. Pre-Columbian Leader Image.JPG: Generated files are not backed up
/styles/thumbnail/public/events/screen_shot_2014-08-14_at_7.46.23_pm.png: Generated files are not backed up
/styles/collection_item_content_view_300/public/exhibitions/reichek.png: Generated files are not backed up
/styles/panopoly_image_thumbnail/public/general/warrug_map2.png: Generated files are not backed up
/styles/panopoly_image_thumbnail/public/fresh-veggies_0.jpg: Generated files are not backed up
/styles/featured_image_add_text/public/modules/image/sample.png: Generated files are not backed up
/styles/panopoly_image_thumbnail/public/general/memberservices.png: Generated files are not backed up
/styles/collection_item_content_view_300/public/exhibitions/matta1_sized.png: Generated files are not backed up
/styles/panopoly_image_thumbnail/public/general/mercury-express-logistics-postal-delivery.jpg: Generated files are not backed up
/styles/collection_item_content_view_300/public/exhibitions/warrug_map2.png: Generated files are not backed up
/styles/panopoly_image_full/public/collection_categories/5. Sculpture Garden Leader Image.jpg: Generated files are not backed up
/styles/panopoly_image_thumbnail/public/bell-peppers-et-al_2.jpg: Generated files are not backed up
/styles/featured_image_add_text/public/general/ArtMatters_1.png: Generated files are not backed up
/styles/panopoly_image_half/public/collection_categories/1. American & European Leader Image.JPG: Generated files are not backed up
/styles/event_thumb/public/events/littleton_ruby_orange_arc.jpg: Generated files are not backed up
/styles/panopoly_image_thumbnail/public/lovely-vegetables_6.jpg: Generated files are not backed up
/styles/large/public/programs/contemplatecreate_box.jpg: Generated files are not backed up
/styles/panopoly_image_full/public/collection_categories/1. American & European Leader Image.JPG: Generated files are not backed up
/styles/featured_image_add_text/public/general/museumrentalfeature.png: Generated files are not backed up
/styles/panopoly_image_thumbnail/public/collection_categories/5. Sculpture Garden Leader Image.jpg: Generated files are not backed up
/styles/panopoly_image_thumbnail/public/vegetables-are-great_2.jpg: Generated files are not backed up
/styles/500_wide/public/general/membership.png: Generated files are not backed up
/styles/panopoly_image_thumbnail/public/lovely-vegetables_0.jpg: Generated files are not backed up
/css_injector/css_injector_5.css: Generated files are not backed up
/styles/panopoly_image_quarter/public/pages/museumrental1.jpg: Generated files are not backed up
/styles/panopoly_image_spotlight/public/collection_categories/4. Photography Leader Image.JPG: Generated files are not backed up
/styles/collection_item_content_view_300/public/modules/image/sample.png: Generated files are not backed up
/styles/panopoly_image_thumbnail/public/openhouse3.jpg: Generated files are not backed up
/styles/panopoly_image_spotlight/public/general/memberservices.png: Generated files are not backed up
/styles/200_wide/public/exhibitions/reichek.png: Generated files are not backed up
/styles/panopoly_image_spotlight/public/collection_categories/3. Prints & Drawings Leader Image.jpg: Generated files are not backed up
/styles/panopoly_image_thumbnail/public/exhibitions/2007.5.43_Abbott_Christopher_Street_Shop.jpg: Generated files are not backed up
/styles/panopoly_image_thumbnail/public/bell-peppers-et-al_4.jpg: Generated files are not backed up
/styles/300x200/public/modules/image/sample.png: Generated files are not backed up
/styles/panopoly_image_quarter/public/exhibitions/2007.5.43_Abbott_Christopher_Street_Shop.jpg: Generated files are not backed up
/styles/panopoly_image_thumbnail/public/general/holder.png: Generated files are not backed up
/styles/panopoly_image_thumbnail/public/exhibitions/matta1_sized.png: Generated files are not backed up
/styles/panopoly_image_thumbnail/public/general/mercury-express-logistics-postal-delivery_0.jpg: Generated files are not backed up
/styles/panopoly_image_thumbnail/public/events/screen_shot_2014-08-14_at_7.46.34_pm.png: Generated files are not backed up
/styles/150_collection_item/public/location/ArtSchoolLocation.png: Generated files are not backed up
/styles/200_wide/public/exhibitions/Hanson_TheIncident_web.png: Generated files are not backed up
/styles/medium/public/programs/contemplatecreate_box.jpg: Generated files are not backed up
/styles/panopoly_image_thumbnail/public/location/BMALocation.png: Generated files are not backed up
/styles/collection_item_content_view_300/public/exhibitions/Tron headshot_sml.jpg: Generated files are not backed up
/styles/300x200/public/collection_categories/5. Sculpture Garden Leader Image.jpg: Generated files are not backed up
/styles/panopoly_image_featured/public/modules/image/sample.png: Generated files are not backed up
/styles/panopoly_image_thumbnail/public/exhibitions/BocaArtistsGuild_greytext_redB_Horiz_BOLD2.png: Generated files are not backed up
/styles/200_wide/public/exhibitions/2007.5.43_Abbott_Christopher_Street_Shop.jpg: Generated files are not backed up
/styles/500_wide/public/general/Donate_0.png: Generated files are not backed up
/styles/thumbnail/public/general/mercury-express-logistics-postal-delivery.jpg: Generated files are not backed up
/styles/300x200/public/collection_categories/6. Pre-Columbian Leader Image.JPG: Generated files are not backed up
/styles/panopoly_image_half/public/news_articles/colliseum1.jpg: Generated files are not backed up
/styles/200_wide/public/exhibitions/Tron headshot_sml.jpg: Generated files are not backed up
/styles/panopoly_image_thumbnail/public/general/ArtMatters_0.png: Generated files are not backed up
/styles/medium/public/events/screen_shot_2014-08-13_at_6.09.34_pm.png: Generated files are not backed up
/styles/panopoly_image_featured/public/collection_categories/1. American & European Leader Image.JPG: Generated files are not backed up
/styles/panopoly_image_quarter/public/exhibitions/matta1_sized.png: Generated files are not backed up
/styles/panopoly_image_full/public/general/mercury-express-logistics-postal-delivery.jpg: Generated files are not backed up
/styles/300x200/public/exhibitions/reichek.png: Generated files are not backed up
/styles/panopoly_image_half/public/modules/image/sample.png: Generated files are not backed up
/styles/panopoly_image_thumbnail/public/bell-peppers-et-al_6.jpg: Generated files are not backed up
/styles/collection_item_content_view_300/public/exhibitions/BocaArtistsGuild_greytext_redB_Horiz_BOLD2.png: Generated files are not backed up
/styles/panopoly_image_thumbnail/public/location/ArtistGuildLocation.png: Generated files are not backed up
/styles/panopoly_image_full/public/collection_categories/2. Modern & Contemporary Leader Image.JPG: Generated files are not backed up
/styles/200_wide/public/exhibitions/tracey-sm.jpg: Generated files are not backed up
/styles/500_wide/public/exhibitions/tracey-sm.jpg: Generated files are not backed up
/styles/panopoly_image_thumbnail/public/programs/latenight_dotstop.png: Generated files are not backed up
/styles/panopoly_image_thumbnail/public/media-youtube/HMVLfEcc8Y4.jpg: Generated files are not backed up
/styles/panopoly_image_quarter/public/collection_categories/5. Sculpture Garden Leader Image.jpg: Generated files are not backed up
/styles/panopoly_image_thumbnail/public/news_articles/colliseum1.jpg: Generated files are not backed up
/styles/panopoly_image_thumbnail/public/events/waltkuhnyoungwoman.png: Generated files are not backed up
/js/wysiwyg/wysiwyg_tinymce_ZQzvhWG1tZmqGsk1Vd1wWYvfd7BmwMIKyvwW87Il4D4.js: Generated files are not backed up
/styles/panopoly_image_thumbnail/public/general/PlannedGiving_0.png: Generated files are not backed up
/styles/featured_image_add_text/public/general/Hanson_TheIncident_web.png: Generated files are not backed up
/styles/panopoly_image_thumbnail/public/collection_categories/2. Modern & Contemporary Leader Image.JPG: Generated files are not backed up
/styles/panopoly_image_spotlight/public/collection_categories/5. Sculpture Garden Leader Image.jpg: Generated files are not backed up
/styles/panopoly_image_thumbnail/public/exhibitions/191_1918_Figure Skaters at the New York Hippodrome_med.jpg: Generated files are not backed up
/styles/panopoly_image_thumbnail/public/vegetables-are-great_6.jpg: Generated files are not backed up
/styles/panopoly_image_half/public/collection_categories/2. Modern & Contemporary Leader Image.JPG: Generated files are not backed up
/styles/panopoly_image_thumbnail/public/lovely-vegetables_2.jpg: Generated files are not backed up
/styles/panopoly_image_half/public/collection_categories/7. African Leader Image.JPG: Generated files are not backed up

If you need immediate access to the files listed here, or have questions about
the state of your files, you can contact support via your Dashboard.

